Sun Jun 15 06:27:40 UTC 2025
Mon Jun 16 02:07:34 UTC 2025
Tue Jun 17 02:04:07 UTC 2025
Wed Jun 18 02:03:23 UTC 2025
Thu Jun 19 02:04:05 UTC 2025
Fri Jun 20 02:03:08 UTC 2025
Sat Jun 21 02:00:52 UTC 2025
Sun Jun 22 02:18:48 UTC 2025
Mon Jun 23 02:10:58 UTC 2025
Tue Jun 24 02:04:52 UTC 2025
Wed Jun 25 02:05:09 UTC 2025
Thu Jun 26 02:03:59 UTC 2025
Fri Jun 27 02:04:57 UTC 2025
Sat Jun 28 02:00:33 UTC 2025
Sun Jun 29 02:21:13 UTC 2025
Mon Jun 30 02:10:07 UTC 2025
Tue Jul  1 02:22:14 UTC 2025
Wed Jul  2 02:04:28 UTC 2025
Thu Jul  3 02:05:05 UTC 2025
Fri Jul  4 02:04:12 UTC 2025
Sat Jul  5 02:00:07 UTC 2025
Sun Jul  6 02:19:38 UTC 2025
Mon Jul  7 02:10:29 UTC 2025
Tue Jul  8 02:05:32 UTC 2025
Wed Jul  9 02:06:52 UTC 2025
Thu Jul 10 02:07:20 UTC 2025
Fri Jul 11 02:09:47 UTC 2025
Sat Jul 12 02:10:16 UTC 2025
Sun Jul 13 02:24:39 UTC 2025
Mon Jul 14 02:20:09 UTC 2025
Tue Jul 15 02:19:41 UTC 2025
Wed Jul 16 02:10:38 UTC 2025
Thu Jul 17 02:10:59 UTC 2025
